TN:
SF:src\domain\user\User.ts
FNF:0
FNH:0
DA:1,1
DA:2,1
DA:3,1
LF:3
LH:3
BRF:0
BRH:0
end_of_record
TN:
SF:src\domain\user\UserMockTest.ts
FNF:0
FNH:0
DA:1,1
DA:2,1
DA:3,1
DA:4,1
DA:5,1
DA:6,1
DA:7,1
DA:8,1
DA:9,1
DA:10,1
DA:11,1
DA:12,1
DA:13,1
DA:14,1
DA:15,1
DA:16,1
DA:17,1
LF:17
LH:17
BRF:0
BRH:0
end_of_record
TN:
SF:src\repository\CreateUser.ts
FN:7,create
FNF:1
FNH:1
FNDA:1,create
DA:1,1
DA:2,1
DA:3,1
DA:4,1
DA:5,1
DA:6,1
DA:7,1
DA:8,1
DA:9,1
DA:10,1
LF:10
LH:10
BRDA:7,0,0,1
BRF:1
BRH:1
end_of_record
TN:
SF:src\useCases\CreateUser\CreateUserController.ts
FN:8,<instance_members_initializer>
FN:9,CreateUserController
FN:14,handle
FNF:3
FNH:3
FNDA:1,<instance_members_initializer>
FNDA:1,CreateUserController
FNDA:1,handle
DA:1,1
DA:2,1
DA:3,1
DA:4,1
DA:5,1
DA:6,1
DA:7,1
DA:8,1
DA:9,1
DA:10,1
DA:11,1
DA:12,1
DA:13,1
DA:14,1
DA:15,1
DA:16,1
DA:17,1
DA:18,1
DA:19,1
DA:20,1
DA:21,1
DA:22,0
DA:23,0
DA:24,1
DA:25,1
LF:25
LH:23
BRDA:8,0,0,1
BRDA:9,1,0,1
BRDA:14,2,0,1
BRDA:21,3,0,0
BRF:4
BRH:3
end_of_record
